<?xml version="1.0" encoding="UTF-8"?>
<!-- Generated by org.testng.reporters.JUnitReportReporter -->
<testsuite hostname="Sharya" failures="0" tests="1" name="AutomationTesting.Demo.AppTest" time="3.960" errors="0" timestamp="2024-10-22T23:27:14 IST" skipped="0">
  <testcase classname="AutomationTesting.Demo.AppTest" name="test1" time="3.960"/>
</testsuite> <!-- AutomationTesting.Demo.AppTest -->
