<?xml version="1.0" encoding="UTF-8"?>
<!-- Generated by org.testng.reporters.JUnitReportReporter -->
<testsuite hostname="Sharya" failures="0" tests="1" name="AutomationTesting.Demo.AppTest" time="4.673" errors="0" timestamp="2024-10-22T23:26:41 IST" skipped="0">
  <testcase classname="AutomationTesting.Demo.AppTest" name="test1" time="4.673"/>
</testsuite> <!-- AutomationTesting.Demo.AppTest -->
